Running slack-cleaner v0.6.2
Deleting messages from channel general
[33mWill delete message -> [39msd : added an integration to this channel: <https://kosmetika-proff.slack.com/services/BV2TVH6R5|TGM>
[33mWill delete message -> [39msd : <!everyone> Вот хорошая страничка с описанием, что такое slack и как им пользоваться <https://kio.by/zametki/slack/|https://kio.by/zametki/slack/>
[33mWill delete message -> [39msd : <!everyone> Девочки и мальчики, заранее прошу прощения за возможные пропажи файлов, это не будет постоянно случаться, вернее, не будет никогда. За праздники постараюсь найти способ очистить старые сообщения в этом канале, который, кстати, предназначен для общих объявлений.
[33mWill delete message -> [39msd : <@UAA7G645S> has renamed the channel from "организационная0" to "general"
[33mWill delete message -> [39msd : changed channel posting permissions
[33mWill delete message -> [39msd : <@UAA7G645S> has renamed the channel from "организационная" to "организационная0"
[33mWill delete message -> [39msd : changed channel posting permissions
[33mWill delete message -> [39mpjanckova.yu : <@UUZ8MNKM2> has joined the channel
[33mWill delete message -> [39mrukovoditel.sklada : <@UUPL0H35X> has joined the channel
[33mWill delete message -> [39mberry.cat2017 : <@UUZ8Z0L04> has joined the channel
[33mWill delete message -> [39md.s.petelina : <@UUN85MKH9> has joined the channel
[33mWill delete message -> [39maccount-manager : <@UV1U0E8TY> has joined the channel
[33mWill delete message -> [39mgirawizard : <@UUZJ2EC6R> has joined the channel
[33mWill delete message -> [39mfrea : тег играет роль именно списка на месяц, допустим на тебе стоит куча задач, но на месяц надо конкретные
[33mWill delete message -> [39mfrea : ну. не всем по крайне мере
[33mWill delete message -> [39mfrea : им еще не назначен исполнитель
[33mWill delete message -> [39mfrea : не
[33mWill delete message -> [39msd : Просто по исполнителю же
[33mWill delete message -> [39msd : Тег не надо заводить
[33mWill delete message -> [39mfrea : по регламенту?
[33mWill delete message -> [39mfrea : есть акие нибудь вопросы?
[33mWill delete message -> [39mglazunov75.kg : Постараемся
[33mWill delete message -> [39mfrea : <https://app.asana.com/0/786148255748213/list>
[33mWill delete message -> [39mfrea : еще не совсем доработан, тк там ещ не выложенные в рабочую задачки есть
[33mWill delete message -> [39mfrea : в асане по тегу Список задач Владимира
[33mWill delete message -> [39mvm_r : а как сам список задач посмотреть? или он не выложен еще?
[33mWill delete message -> [39mvm_r : Много букав, но понятно вроде все
[33mWill delete message -> [39mfrea : Ребят, разработала регламент нашего взаимодействия, прикрепляю его сюда
Почитайте пожалуйста и отпишитесь, с чем согласны, с чем не согласны, какие есть дополнения.
Введем его с сентября, попробуем по нему поработать, посмотрим удобство.
В Асане я набросала предварительные списки работ, завтра до конца их доделаю и можно будет оценивать
[33mWill delete message -> [39mfrea : что для этого нужно?
[33mWill delete message -> [39msd : Вероятно, можно
[33mWill delete message -> [39mfrea : Денис, скажи пожалуйста, есть ли возможность обновить хранилище до актуальной версии?
[33mWill delete message -> [39mfrea : Вова и Кирилл тоже тут)
[33mWill delete message -> [39msd : Тут кроме нас с тобой никого
[33mWill delete message -> [39msd : Привет
[33mWill delete message -> [39mfrea : Всем привет, я вернулась)
[33mWill delete message -> [39msd : Да что-то никого нет
[33mWill delete message -> [39mfrea : Давайте, берите задачки, а то завтра сама назначу)
[33mWill delete message -> [39mfrea : Бдю))
[33mWill delete message -> [39msd : Ты в отпуске, блин
[33mWill delete message -> [39mfrea : Привет, ребята, кто какие взял задачи на эту неделю?)
[33mWill delete message -> [39msd : числива
[33mWill delete message -> [39mfrea : Ребята, я поехала, всем счастливо))
[33mWill delete message -> [39mfrea : Ну вот, оставляю вам 53 задачки) всем хватит)
[33mWill delete message -> [39mfrea : Не жадничай)))
[33mWill delete message -> [39msd : _-ко_ же, не просто ж так.
[33mWill delete message -> [39msd : Сам не зьим, дак понадкусаю
[33mWill delete message -> [39msd : &gt;У Дениса много задач, если какая-то приглянулась, можете спросить, возможно он вам ее отдаст
А возможно и нет кекеке
[33mWill delete message -> [39mfrea : Именно) 
[33mWill delete message -> [39msd : Работать штоль?
[33mWill delete message -> [39msd : Мля, чё делать-то...
[33mWill delete message -> [39mfrea : Нет, смысл как раз в том что в отпуске я))))
[33mWill delete message -> [39mglazunov75.kg : Привет. Все понятно. Мы в отпуске с 6го по 19ое)
[33mWill delete message -> [39mvm_r : Привет всем. Вроде все понятно.
[33mWill delete message -> [39msd : Збс. Лайк. Лю тя.
[33mWill delete message -> [39mfrea : Всем привет) Ребята, я ухожу в отпуск с 6 по 19 августа.

На время моего отпуска работу не забрасываем, я подготовила список задач в асане, которые нужно сделать к моему возвращению.

Список задач доступен по тегу "В план работ". 

Можно брать любую понравившуюся задачу, если понятны механизмы ее выполнения. В случае затруднения мозговые штурмы приветствуются, пожалуйста, не забывайте общаться между собой и делиться идеями при затыке в выполнении задачи.Когда берете задачу, переставляете исполнителя на себя и отписываетесь в этой беседе, что задача принята.

В асане указываем ориентировочный срок исполнения.

Все выполненные задачи оставляем в тестовой базе. Исключение составляют проверенные, четко работающие задачи, где не обязательна моя проверка.

Такие задачи выгружаем в рабочую по согласованию с Денисом.

Каждому нужно выполнить 10-15 задач из списка, если задачи большие, 7-10.

Лучше больше, если позволяет время.

Любые возникшие вопросы можно задавать мне, либо Тане с Сережей (у кого нет к ним доступа, задаем мне или Денису).

Брать можно только новые задачи из папки Принятые в работу, если ей уже кто-то занимается, то конечно оставляем)
У Дениса много задач, если какая-то приглянулась, можете спросить, возможно он вам ее отдаст.

Если в плане задачи кончатся, берем из обычного списка


Ознакомьтесь с ними до пятницы и в случае возникновения вопросов, отпишитесь в комментарии.

Прошу каждого отписаться, что с информацией ознакомлен и все ли понятно.
[33mWill delete message -> [39msd : Числива
[33mWill delete message -> [39msd : Млин, язык мой враг мой
[33mWill delete message -> [39mfrea : все, всем хороших выходных)
[33mWill delete message -> [39mfrea : так что надо идти по срокам)
[33mWill delete message -> [39mfrea : + на следующей неделе еще куча задачек
[33mWill delete message -> [39mfrea : надо, Денис, надо. сам же такую соблазнительную идею предложил
[33mWill delete message -> [39mfrea : ммм нет))
[33mWill delete message -> [39msd : Может, ну нафиг?
[33mWill delete message -> [39msd : Бе
[33mWill delete message -> [39mfrea : Окей, ребят, тогда ко вторнику с тебя <@UABG932S3>, задачки эти)
<@UAA7G645S> тебе за сегодня и выходные допилить штрихкоды)
[33mWill delete message -> [39mfrea : обе?
[33mWill delete message -> [39mglazunov75.kg : Привет. Да
[33mWill delete message -> [39mfrea : <@UABG932S3> привет, до вторника задачу какую то из этих успеешь сделать?
<https://app.asana.com/0/615354271813964/724687052293162>
<https://app.asana.com/0/615354271813964/607458694866449>
[33mWill delete message -> [39msd : Поставил обновления задач, отчёт по задачам, обновления обработки загрузки прайсов и для Светы там кое-что по мелочи
[33mWill delete message -> [39mfrea : 
[33mWill delete message -> [39msd : 
[33mWill delete message -> [39mfrea : 
[33mWill delete message -> [39msd : 
[33mWill delete message -> [39mfrea : 
[33mWill delete message -> [39msd : 
[33mWill delete message -> [39mfrea : 
[33mWill delete message -> [39msd : 
[33mWill delete message -> [39mfrea : 
[33mWill delete message -> [39mfrea : 
[33mWill delete message -> [39mfrea : 
[33mWill delete message -> [39msd : 
[33mWill delete message -> [39msd : 
[33mWill delete message -> [39mfrea : 
[33mWill delete message -> [39msd : 
[33mWill delete message -> [39mfrea : 
[33mWill delete message -> [39msd : 
[33mWill delete message -> [39mfrea : <@UABG932S3> напиши пожалуйста Денису что нуеобходимо установить для корректной работы отчета, он сказал что поставит
[33mWill delete message -> [39mfrea : у меня народ до 9 работает
[33mWill delete message -> [39mfrea : <@UAA7G645S> во сколько сегодня Кириллу можно поставить изменения в рабочую по задаче с отчетом? Или ты будешь ставить?
[33mWill delete message -> [39mfrea : <@UAA7G645S> вот эту задачку когда сделаешь <https://app.asana.com/0/214683319584336/728991540700595>?
[33mWill delete message -> [39msd : 
[33mWill delete message -> [39mfrea : 
[33mWill delete message -> [39mfrea : 
[33mWill delete message -> [39mfrea : 
[33mWill delete message -> [39mfrea : 
[33mWill delete message -> [39mfrea : 
[33mWill delete message -> [39msd : Мы там хотели в своё время добавить выбор складов, но не случилось
[33mWill delete message -> [39mfrea : 
[33mWill delete message -> [39msd : 
[33mWill delete message -> [39mfrea : 
[33mWill delete message -> [39mfrea : 
[33mWill delete message -> [39msd : Только общий
[33mWill delete message -> [39mfrea : А в этой установке есть галочка Товары на свободном остатке, это все склады или только общий?
[33mWill delete message -> [39mfrea : А, нашли
[33mWill delete message -> [39mfrea : она не нашла
[33mWill delete message -> [39mfrea : а наташе ты подключил установку скидочныз галочек? <@UAA7G645S>
[33mWill delete message -> [39mfrea : <@UAA7G645S> когда ориентировочно починим проблему с загрузкой статусов доставки отправлений СДЭК на Сохнева?
[33mWill delete message -> [39msd : 
[33mWill delete message -> [39mfrea : 
[33mWill delete message -> [39mfrea : либо можно эти изменения перенести в мою тестовую
[33mWill delete message -> [39mfrea : там в задачи добавлены поля Стоимость и Затраченное время
[33mWill delete message -> [39mfrea : дайте мне пожалуйста пароль на сервер разработок, чтобы я могла в базе кирилла проверить задачу по отчету, а то срок действия истек
[33mWill delete message -> [39mfrea : что не успеваем - не начинаем, лучше тогда мелкие брать (к штрихкодам не относится:))
[33mWill delete message -> [39mfrea : давайте тогда ко вторнику все доделываем
[33mWill delete message -> [39mfrea : и уже обновим конфигурацию и будем решать последующие задачи
[33mWill delete message -> [39mfrea : Надо тогда еще у Вовы уточнить насчет задачи по автоматическим скидкам, нам ее на следующей неделе надо внедрить, во вторник я думаю будет оптимально?
[33mWill delete message -> [39msd : Вообще, в рабочей базе сейчас как раз все текущие доработки, Кирилл ещё пару задач доделал, я их так же объединю в рабочей базе, и оттуда конфигурацию возьмём за отправную точку.
[33mWill delete message -> [39msd : Привет
[33mWill delete message -> [39mfrea : Всем привет) <@UAA7G645S>, тебе нужно чтобы все закончили работы и ты слил все ветки разработки в одну? Ты этого еще не проводил?

[32m119[39m message(s) will be cleaned.

Now you can re-run this program with `--perform` to actually perform the task.

